make all --print-data-base --no-builtin-variables --no-builtin-rules --question
make: *** No rule to make target 'all'.  Stop.

# GNU Make 4.2.1
# Built for x86_64-pc-linux-gnu
# Copyright (C) 1988-2016 Free Software Foundation, Inc.
# License GPLv3+: GNU GPL version 3 or later <http://gnu.org/licenses/gpl.html>
# This is free software: you are free to change and redistribute it.
# There is NO WARRANTY, to the extent permitted by law.

# Make data base, printed on Wed Jun 22 10:00:23 2022

# Variables

# 'override' directive
GNUMAKEFLAGS := 
# automatic
<D = $(patsubst %/,%,$(dir $<))
# automatic
?F = $(notdir $?)
# environment
DESKTOP_SESSION = ubuntu
# default
.SHELLFLAGS := -c
# environment
XDG_SESSION_CLASS = user
# environment
SNAP_COMMON = /var/snap/code/common
# environment
XDG_SESSION_TYPE = x11
# environment
VSCODE_LOG_NATIVE = false
# automatic
?D = $(patsubst %/,%,$(dir $?))
# environment
IM_CONFIG_PHASE = 1
# automatic
@D = $(patsubst %/,%,$(dir $@))
# environment
XAUTHORITY = /run/user/1000/gdm/Xauthority
# environment
GDMSESSION = ubuntu
# environment
XMODIFIERS = @im=ibus
# makefile
CURDIR := /home/darryl/Dropbox/classes21/comp2404/assignments/a2/a2-complete
# makefile
SHELL = /bin/sh
# environment
SNAP_DATA = /var/snap/code/99
# environment
VSCODE_NLS_CONFIG = {"locale":"en-gb","availableLanguages":{},"_languagePackSupport":true}
# environment
JOURNAL_STREAM = 8:45967
# makefile (from 'Makefile', line 1)
objects = main.o TestView.o TestControl.o Client.o GetHub.o Subscriber.o Repo.o File.o RepoList.o
# environment
XDG_CONFIG_DIRS = /etc/xdg/xdg-ubuntu:/etc/xdg
# environment
SNAP_INSTANCE_NAME = code
# environment
SNAP_ARCH = amd64
# makefile (from 'Makefile', line 1)
MAKEFILE_LIST :=  Makefile
# automatic
@F = $(notdir $@)
# environment
GIO_LAUNCHED_DESKTOP_FILE = /var/lib/snapd/desktop/applications/code_code.desktop
# environment
USERNAME = darryl
# environment
XDG_DATA_DIRS = /usr/share/ubuntu:/usr/local/share/:/usr/share/:/var/lib/snapd/desktop
# environment
DBUS_SESSION_BUS_ADDRESS = unix:path=/run/user/1000/bus
# environment
VSCODE_VERBOSE_LOGGING = true
# environment
_ = /snap/code/99/usr/share/code/code
# environment
MANAGERPID = 1457
# environment
LESSOPEN = | /usr/bin/lesspipe %s
# environment
VSCODE_CWD = /home/darryl
# environment
GSETTINGS_SCHEMA_DIR = /snap/code/99/usr/share/glib-2.0/schemas
# default
MAKE_HOST := x86_64-pc-linux-gnu
# environment
PATH = /usr/local/sbin:/usr/local/bin:/usr/sbin:/usr/bin:/sbin:/bin:/usr/games:/usr/local/games:/snap/bin
# environment
GPG_AGENT_INFO = /run/user/1000/gnupg/S.gpg-agent:0:1
# environment
SESSION_MANAGER = local/darryl-ThinkPad-S1-Yoga-12:@/tmp/.ICE-unix/1675,unix/darryl-ThinkPad-S1-Yoga-12:/tmp/.ICE-unix/1675
# environment
XDG_RUNTIME_DIR = /run/user/1000
# environment
GDK_PIXBUF_MODULE_FILE = /home/darryl/snap/code/common/.cache/gdk-pixbuf-loaders.cache
# environment
SNAP = /snap/code/99
# environment
SNAP_VERSION = 30d9c6cd
# environment
XDG_MENU_PREFIX = gnome-
# environment
VSCODE_LOG_STACK = false
# environment
DISABLE_WAYLAND = 1
# environment
ELECTRON_RUN_AS_NODE = 1
# environment
INVOCATION_ID = ffeb2e0ffbfa4f00ab1c71c7b6de8df3
# environment
GDK_PIXBUF_MODULEDIR = /snap/code/99/usr/lib/x86_64-linux-gnu/gdk-pixbuf-2.0/2.10.0/loaders
# default
.FEATURES := target-specific order-only second-expansion else-if shortest-stem undefine oneshell archives jobserver output-sync check-symlink load
# environment
LS_COLORS = 
# environment
XDG_SESSION_DESKTOP = ubuntu
# environment
SSH_AUTH_SOCK = /run/user/1000/keyring/ssh
# environment
GIO_LAUNCHED_DESKTOP_FILE_PID = 205598
# automatic
%F = $(notdir $%)
# environment
DISPLAY = :0
# environment
VSCODE_PIPE_LOGGING = true
# environment
SNAP_INSTANCE_KEY = 
# environment
PWD = /home/darryl/Dropbox/classes21/comp2404/assignments/a2/a2-complete
# default
.LOADED := 
# environment
SSH_AGENT_PID = 1637
# environment
ORIGINAL_XDG_CURRENT_DESKTOP = ubuntu:GNOME
# environment
GTK_MODULES = gail:atk-bridge
# environment
VSCODE_AMD_ENTRYPOINT = vs/workbench/api/node/extensionHostProcess
# environment
HOME = /home/darryl
# environment
LESSCLOSE = /usr/bin/lesspipe %s %s
# environment
VSCODE_CLI = 1
# environment
VSCODE_CODE_CACHE_PATH = /home/darryl/.config/Code/CachedData/30d9c6cd9483b2cc586687151bcbcd635f373630
# environment
LOGNAME = darryl
# environment
APPLICATION_INSIGHTS_NO_DIAGNOSTIC_CHANNEL = true
# environment
SNAP_LIBRARY_PATH = /var/lib/snapd/lib/gl:/var/lib/snapd/lib/gl32:/var/lib/snapd/void
# environment
SNAP_CONTEXT = c3IbogvnBLCuPBhCtGYcFyZFcA3XiR8hAU5MeNDjMogeDgBuk-WR
# environment
ELECTRON_NO_ATTACH_CONSOLE = 1
# environment
SNAP_USER_COMMON = /home/darryl/snap/code/common
# environment
VSCODE_HANDLES_UNCAUGHT_ERRORS = true
# environment
GNOME_DESKTOP_SESSION_ID = this-is-deprecated
# automatic
^D = $(patsubst %/,%,$(dir $^))
# environment
MAKELEVEL := 0
# environment
SNAP_REAL_HOME = /home/darryl
# default
MAKE = $(MAKE_COMMAND)
# default
MAKECMDGOALS := all
# environment
QT_IM_MODULE = ibus
# environment
SNAP_USER_DATA = /home/darryl/snap/code/99
# environment
SHLVL = 0
# environment
GNOME_SHELL_SESSION_MODE = ubuntu
# environment
VSCODE_IPC_HOOK_EXTHOST = /run/user/1000/vscode-ipc-b81cd1bb-2230-4f6e-a532-bc67d9e7449c.sock
# default
MAKE_VERSION := 4.2.1
# environment
USER = darryl
# environment
SNAP_REVISION = 99
# makefile
.DEFAULT_GOAL := a2
# environment
XDG_CURRENT_DESKTOP = Unity
# automatic
%D = $(patsubst %/,%,$(dir $%))
# default
MAKE_COMMAND := make
# default
.VARIABLES := 
# automatic
*F = $(notdir $*)
# environment
LANGUAGE = en_CA:en
# environment
VSCODE_IPC_HOOK = /run/user/1000/vscode-dca3436b-1.68.1-main.sock
# environment
BAMF_DESKTOP_FILE_HINT = /var/lib/snapd/desktop/applications/code_code.desktop
# makefile
MAKEFLAGS = pqrR
# environment
MFLAGS = -pqrR
# automatic
*D = $(patsubst %/,%,$(dir $*))
# automatic
+D = $(patsubst %/,%,$(dir $+))
# environment
GDK_BACKEND = x11
# automatic
+F = $(notdir $+)
# environment
QT_ACCESSIBILITY = 1
# default
MAKEFILES := 
# environment
SNAP_COOKIE = c3IbogvnBLCuPBhCtGYcFyZFcA3XiR8hAU5MeNDjMogeDgBuk-WR
# automatic
<F = $(notdir $<)
# environment
SNAP_NAME = code
# environment
LC_ALL = C
# environment
GJS_DEBUG_TOPICS = JS ERROR;JS LOG
# automatic
^F = $(notdir $^)
# default
SUFFIXES := 
# environment
SNAP_REEXEC = 
# environment
CHROME_DESKTOP = code-url-handler.desktop
# environment
WINDOWPATH = 2
# default
.INCLUDE_DIRS = /usr/include /usr/local/include /usr/include
# environment
GJS_DEBUG_OUTPUT = stderr
# default
.RECIPEPREFIX := 
# environment
LANG = C
# environment
VSCODE_PID = 205646
# variable set hash-table stats:
# Load=122/1024=12%, Rehash=0, Collisions=18/148=12%

# Pattern-specific Variable Values

# No pattern-specific variable values.

# Directories

# . (repo 2053, inode 9699912): 34 files, no impossibilities.

# 34 files, no impossibilities in 1 directories.

# Implicit Rules

# No implicit rules.

# Repos

GetHub.o: GetHub.h GetHub.cc RepoList.o
#  Implicit rule search has not been done.
#  Modification time never checked.
#  Repo has not been updated.
#  recipe to execute (from 'Makefile', line 18):
	g++ -c GetHub.cc

Subscriber.o: Subscriber.h Subscriber.cc
#  Implicit rule search has not been done.
#  Modification time never checked.
#  Repo has not been updated.
#  recipe to execute (from 'Makefile', line 21):
	g++ -c Subscriber.cc

# Not a target:
all:
#  Command line target.
#  Implicit rule search has been done.
#  Repo does not exist.
#  Repo has not been updated.

Client.o: Client.h Client.cc GetHub.o
#  Implicit rule search has not been done.
#  Modification time never checked.
#  Repo has not been updated.
#  recipe to execute (from 'Makefile', line 15):
	g++ -c Client.cc

# Not a target:
GetHub.cc:
#  Implicit rule search has not been done.
#  Modification time never checked.
#  Repo has not been updated.

# Not a target:
Subscriber.cc:
#  Implicit rule search has not been done.
#  Modification time never checked.
#  Repo has not been updated.

# Not a target:
Client.cc:
#  Implicit rule search has not been done.
 
#  Modification time never checked.
#  Repo has not been updated.

# Not a target:
Makefile:
#  Implicit rule search has been done.
#  Last modified 2021-08-17 08:35:27
#  Repo has been updated.
#  Successfully updated.

# Not a target:
File.h:
#  Implicit rule search has not been done.
#  Modification time never checked.
#  Repo has not been updated.

Repo.o: Repo.cc Repo.h File.h
#  Implicit rule search has not been done.
#  Modification time never checked.
#  Repo has not been updated.
#  recipe to execute (from 'Makefile', line 27):
	g++ -c Repo.cc
	

TestControl.o: TestControl.h TestControl.cc GetHub.o
#  Implicit rule search has not been done.
#  Modification time never checked.
#  Repo has not been updated.
#  recipe to execute (from 'Makefile', line 12):
	g++ -c TestControl.cc

a2: main.o TestView.o TestControl.o Client.o GetHub.o Subscriber.o Repo.o File.o RepoList.o
#  Implicit rule search has not been done.
#  Modification time never checked.
#  Repo has not been updated.
#  recipe to execute (from 'Makefile', line 4):
	g++ -o a2 $(objects)

RepoList.o: RepoList.cc RepoList.h Repo.o
#  Implicit rule search has not been done.
#  Modification time never checked.
#  Repo has not been updated.
#  recipe to execute (from 'Makefile', line 24):
	g++ -c RepoList.cc

TestView.o: TestView.h TestView.cc TestControl.o
#  Implicit rule search has not been done.
#  Modification time never checked.
#  Repo has not been updated.

# Not a target:
Repo.cc:
#  Implicit rule search has not been done.
#  Modification time never checked.
#  Repo has not been updated.

# Not a target:
TestControl.cc:
#  Implicit rule search has not been done.
#  Modification time never checked.
#  Repo has not been updated.

# Not a target:
GetHub.h:
#  Implicit rule search has not been done.
#  Modification time never checked.
#  Repo has not been updated.

# Not a target:
Subscriber.h:
#  Implicit rule search has not been done.
#  Modification time never checked.
#  Repo has not been updated.

# Not a target:
RepoList.cc:
#  Implicit rule search has not been done.
#  Modification time never checked.
#  Repo has not been updated.

# Not a target:
.DEFAULT:
#  Implicit rule search has not been done.
#  Modification time never checked.
#  Repo has not been updated.

# Not a target:
TestView.cc:
#  Implicit rule search has not been done.
#  Modification time never checked.
#  Repo has not been updated.

# Not a target:
Client.h:
#  Implicit rule search has not been done.
#  Modification time never checked.
#  Repo has not been updated.

clean:
#  Implicit rule search has not been done.
#  Modification time never checked.
#  Repo has not been updated.
#  recipe to execute (from 'Makefile', line 33):
	rm -f a2 *.o	

main.o: main.cc TestControl.o
#  Implicit rule search has not been done.
#  Modification time never checked.
#  Repo has not been updated.
#  recipe to execute (from 'Makefile', line 7):
	g++ -c main.cc 

File.o: File.cc File.h Repo.h
#  Implicit rule search has not been done.
#  Modification time never checked.
#  Repo has not been updated.
#  recipe to execute (from 'Makefile', line 30):
	g++ -c File.cc

# Not a target:
Repo.h:
#  Implicit rule search has not been done.
#  Modification time never checked.
#  Repo has not been updated.

# Not a target:
TestControl.h:
#  Implicit rule search has not been done.
#  Modification time never checked.
#  Repo has not been updated.

# Not a target:
main.cc:
#  Implicit rule search has not been done.
#  Modification time never checked.
#  Repo has not been updated.

# Not a target:
RepoList.h:
#  Implicit rule search has not been done.
#  Modification time never checked.
#  Repo has not been updated.

# Not a target:
TestView.h:
#  Implicit rule search has not been done.
#  Modification time never checked.
#  Repo has not been updated.

# Not a target:
File.cc:
#  Implicit rule search has not been done.
#  Modification time never checked.
#  Repo has not been updated.

# files hash-table stats:
# Load=32/1024=3%, Rehash=0, Collisions=0/85=0%
# VPATH Search Paths

# No 'vpath' search paths.

# No general ('VPATH' variable) search path.

# strcache buffers: 1 (0) / strings = 40 / storage = 399 B / avg = 9 B
# current buf: size = 8162 B / used = 399 B / count = 40 / avg = 9 B

# strcache performance: lookups = 99 / hit rate = 59%
# hash-table stats:
# Load=40/8192=0%, Rehash=0, Collisions=5/99=5%
# Finished Make data base on Wed Jun 22 10:00:23 2022

 
